<?xml version="1.0" encoding="UTF-8"?>
<testsuite name="com.example.docmanager.SampleSpockSpec" tests="8" skipped="0" failures="0" errors="0" timestamp="2025-11-15T09:10:04.123Z" hostname="kazuoki.local" time="0.114">
  <properties/>
  <testcase name="simple assertion test" classname="com.example.docmanager.SampleSpockSpec" time="0.028"/>
  <testcase name="test with given-when-then blocks" classname="com.example.docmanager.SampleSpockSpec" time="0.007"/>
  <testcase name="test parameterized: 1 + 2 should equal 3" classname="com.example.docmanager.SampleSpockSpec" time="0.002"/>
  <testcase name="test parameterized: 2 + 3 should equal 5" classname="com.example.docmanager.SampleSpockSpec" time="0.0"/>
  <testcase name="test parameterized: 5 + 5 should equal 10" classname="com.example.docmanager.SampleSpockSpec" time="0.0"/>
  <testcase name="test parameterized: 0 + 0 should equal 0" classname="com.example.docmanager.SampleSpockSpec" time="0.001"/>
  <testcase name="test exception handling" classname="com.example.docmanager.SampleSpockSpec" time="0.007"/>
  <testcase name="test with setup and cleanup" classname="com.example.docmanager.SampleSpockSpec" time="0.007"/>
  <system-out><![CDATA[]]></system-out>
  <system-err><![CDATA[]]></system-err>
</testsuite>
